<?xml version="1.0" encoding="UTF-8"?>
<!-- Generated by org.testng.reporters.JUnitXMLReporter -->
<testsuite ignored="6" hostname="LTIN207107" failures="0" tests="22" name="ETest" time="11.463" errors="0" timestamp="2024-02-23T11:07:01 IST">
  <testcase classname="TestCases.TC_01_homePage" name="Search_For_Doctor" time="0.0">
    <skipped/>
  </testcase> <!-- Search_For_Doctor -->
  <testcase classname="TestCases.TC_01_homePage" name="Select_Location" time="0.0">
    <skipped/>
  </testcase> <!-- Select_Location -->
  <testcase classname="TestCases.TC_01_homePage" name="Select_Area" time="0.0">
    <skipped/>
  </testcase> <!-- Select_Area -->
  <testcase classname="TestCases.TC_01_homePage" name="Enter_Speciality" time="0.0">
    <skipped/>
  </testcase> <!-- Enter_Speciality -->
  <testcase classname="TestCases.TC_01_homePage" name="Select_doctor" time="0.0">
    <skipped/>
  </testcase> <!-- Select_doctor -->
  <testcase classname="TestCases.TC_02_Doctor_Detail" name="click" time="0.0">
    <skipped/>
  </testcase> <!-- click -->
  <testcase classname="TestCases.TC_02_Doctor_Detail" name="select_patientStory" time="0.0">
    <skipped/>
  </testcase> <!-- select_patientStory -->
  <testcase classname="TestCases.TC_02_Doctor_Detail" name="clickExperience" time="0.0">
    <skipped/>
  </testcase> <!-- clickExperience -->
  <testcase classname="TestCases.TC_02_Doctor_Detail" name="selectExperience" time="0.0">
    <skipped/>
  </testcase> <!-- selectExperience -->
  <testcase classname="TestCases.TC_02_Doctor_Detail" name="selectFilter" time="0.0">
    <skipped/>
  </testcase> <!-- selectFilter -->
  <testcase classname="TestCases.TC_02_Doctor_Detail" name="clickSort" time="0.0">
    <skipped/>
  </testcase> <!-- clickSort -->
  <testcase classname="TestCases.TC_02_Doctor_Detail" name="selectRelevance" time="0.0">
    <skipped/>
  </testcase> <!-- selectRelevance -->
  <testcase classname="TestCases.TC_02_Doctor_Detail" name="getDoctorName" time="0.0">
    <skipped/>
  </testcase> <!-- getDoctorName -->
  <testcase classname="TestCases.TC_02_Doctor_Detail" name="getDoctorExperience" time="0.0">
    <skipped/>
  </testcase> <!-- getDoctorExperience -->
  <testcase classname="TestCases.TC_03_surgeryPage" name="Click_On_surgery" time="0.0">
    <skipped/>
  </testcase> <!-- Click_On_surgery -->
  <testcase classname="TestCases.TC_03_surgeryPage" name="pageScroll" time="0.0">
    <skipped/>
  </testcase> <!-- pageScroll -->
  <testcase classname="TestCases.TC_03_surgeryPage" name="Get_surgery_list" time="0.0">
    <skipped/>
  </testcase> <!-- Get_surgery_list -->
  <testcase classname="TestCases.TC_04_CorporateWellness" name="corporateLink" time="0.0">
    <skipped/>
  </testcase> <!-- corporateLink -->
  <testcase classname="TestCases.TC_04_CorporateWellness" name="details" time="0.0">
    <skipped/>
  </testcase> <!-- details -->
  <testcase classname="TestCases.TC_04_CorporateWellness" name="sizeOfOrganization" time="0.0">
    <skipped/>
  </testcase> <!-- sizeOfOrganization -->
  <testcase classname="TestCases.TC_04_CorporateWellness" name="interest" time="0.0">
    <skipped/>
  </testcase> <!-- interest -->
  <testcase classname="TestCases.TC_04_CorporateWellness" name="ClickSubmit" time="0.0">
    <skipped/>
  </testcase> <!-- ClickSubmit -->
  <testcase classname="factory.BaseClass" name="@BeforeTest setUp" time="0.0">
    <ignored/>
  </testcase> <!-- @BeforeTest setUp -->
  <testcase classname="factory.BaseClass" name="@AfterTest tearDown" time="0.0">
    <ignored/>
  </testcase> <!-- @AfterTest tearDown -->
  <testcase classname="factory.BaseClass" name="@AfterTest tearDown" time="0.0">
    <ignored/>
  </testcase> <!-- @AfterTest tearDown -->
  <testcase classname="factory.BaseClass" name="@BeforeTest setUp" time="0.0">
    <ignored/>
  </testcase> <!-- @BeforeTest setUp -->
  <testcase classname="factory.BaseClass" name="@AfterTest tearDown" time="0.0">
    <ignored/>
  </testcase> <!-- @AfterTest tearDown -->
  <testcase classname="factory.BaseClass" name="@BeforeTest setUp" time="0.0">
    <ignored/>
  </testcase> <!-- @BeforeTest setUp -->
</testsuite> <!-- ETest -->
