<?xml version="1.0" encoding="UTF-8"?>
<!-- Generated by org.testng.reporters.JUnitXMLReporter -->
<testsuite ignored="6" hostname="LTIN207107" failures="0" tests="27" name="Test" time="154.081" errors="0" timestamp="2024-03-02T23:16:25 IST">
  <testcase classname="TestCases.TC_01_homePage" name="Search_For_Doctor" time="4.788"/>
  <testcase classname="TestCases.TC_01_homePage" name="Select_Location" time="1.058"/>
  <testcase classname="TestCases.TC_01_homePage" name="Select_Area" time="0.419"/>
  <testcase classname="TestCases.TC_01_homePage" name="Select_doctor" time="11.874"/>
  <testcase classname="TestCases.TC_02_Doctor_Detail" name="click" time="0.327"/>
  <testcase classname="TestCases.TC_02_Doctor_Detail" name="select_patientStory" time="5.534"/>
  <testcase classname="TestCases.TC_02_Doctor_Detail" name="selectExperience" time="6.079"/>
  <testcase classname="TestCases.TC_02_Doctor_Detail" name="selectFilter" time="11.148"/>
  <testcase classname="TestCases.TC_02_Doctor_Detail" name="clickSort" time="0.289"/>
  <testcase classname="TestCases.TC_02_Doctor_Detail" name="selectRelevance" time="12.569"/>
  <testcase classname="TestCases.TC_02_Doctor_Detail" name="scrollDown" time="10.817"/>
  <testcase classname="TestCases.TC_02_Doctor_Detail" name="getDoctorName" time="3.689"/>
  <testcase classname="TestCases.TC_02_Doctor_Detail" name="getDoctorExperience" time="0.726"/>
  <testcase classname="TestCases.TC_02_Doctor_Detail" name="getClinicName" time="0.858"/>
  <testcase classname="TestCases.TC_02_Doctor_Detail" name="getPracticeLocality" time="1.226"/>
  <testcase classname="TestCases.TC_02_Doctor_Detail" name="getConsultationFee" time="1.385"/>
  <testcase classname="TestCases.TC_03_surgeryPage" name="Click_On_surgery" time="6.081"/>
  <testcase classname="TestCases.TC_03_surgeryPage" name="pageScroll" time="0.587"/>
  <testcase classname="TestCases.TC_03_surgeryPage" name="Get_surgery_list" time="6.308"/>
  <testcase classname="TestCases.TC_04_CorporateWellness" name="corporateLink" time="5.199"/>
  <testcase classname="TestCases.TC_04_CorporateWellness" name="detailsInvalid" time="2.7"/>
  <testcase classname="TestCases.TC_04_CorporateWellness" name="sizeOfOrganizationAndInterest" time="1.846"/>
  <testcase classname="TestCases.TC_04_CorporateWellness" name="SubmitButton" time="0.875"/>
  <testcase classname="TestCases.TC_04_CorporateWellness" name="clear" time="2.796"/>
  <testcase classname="TestCases.TC_04_CorporateWellness" name="detailsValid" time="2.018"/>
  <testcase classname="TestCases.TC_04_CorporateWellness" name="organization_size_and_Interest" time="0.466"/>
  <testcase classname="TestCases.TC_04_CorporateWellness" name="SubmitButton1" time="15.825"/>
  <testcase classname="factory.BaseClass" name="@AfterTest tearDown" time="0.0">
    <ignored/>
  </testcase> <!-- @AfterTest tearDown -->
  <testcase classname="factory.BaseClass" name="@BeforeTest setUp" time="0.0">
    <ignored/>
  </testcase> <!-- @BeforeTest setUp -->
  <testcase classname="factory.BaseClass" name="@AfterTest tearDown" time="0.0">
    <ignored/>
  </testcase> <!-- @AfterTest tearDown -->
  <testcase classname="factory.BaseClass" name="@BeforeTest setUp" time="0.0">
    <ignored/>
  </testcase> <!-- @BeforeTest setUp -->
  <testcase classname="factory.BaseClass" name="@BeforeTest setUp" time="0.0">
    <ignored/>
  </testcase> <!-- @BeforeTest setUp -->
  <testcase classname="factory.BaseClass" name="@AfterTest tearDown" time="0.0">
    <ignored/>
  </testcase> <!-- @AfterTest tearDown -->
</testsuite> <!-- Test -->
